<?xml version="1.0" encoding="UTF-8"?>
<testng-results ignored="0" total="1" passed="1" failed="0" skipped="0">
  <reporter-output>
  </reporter-output>
  <suite started-at="2024-11-28T12:08:12 IST" name="Surefire suite" finished-at="2024-11-28T12:08:43 IST" duration-ms="30888">
    <groups>
    </groups>
    <test started-at="2024-11-28T12:08:12 IST" name="Surefire test" finished-at="2024-11-28T12:08:43 IST" duration-ms="30888">
      <class name="PROJECT_2.WebTest">
        <test-method is-config="true" signature="term1()[pri:0, instance:PROJECT_2.WebTest@3967e60c]" started-at="2024-11-28T12:08:12 IST" name="term1" finished-at="2024-11-28T12:08:12 IST" duration-ms="11" status="PASS">
          <reporter-output>
          </reporter-output>
        </test-method> <!-- term1 -->
        <test-method is-config="true" signature="start()[pri:0, instance:PROJECT_2.WebTest@3967e60c]" started-at="2024-11-28T12:08:12 IST" name="start" finished-at="2024-11-28T12:08:12 IST" duration-ms="0" status="PASS">
          <reporter-output>
          </reporter-output>
        </test-method> <!-- start -->
        <test-method is-config="true" signature="begin()[pri:0, instance:PROJECT_2.WebTest@3967e60c]" started-at="2024-11-28T12:08:12 IST" name="begin" finished-at="2024-11-28T12:08:14 IST" duration-ms="1747" status="PASS">
          <reporter-output>
          </reporter-output>
        </test-method> <!-- begin -->
        <test-method signature="DemoTest()[pri:0, instance:PROJECT_2.WebTest@3967e60c]" started-at="2024-11-28T12:08:14 IST" name="DemoTest" finished-at="2024-11-28T12:08:43 IST" duration-ms="28576" status="PASS">
          <reporter-output>
          </reporter-output>
        </test-method> <!-- DemoTest -->
        <test-method is-config="true" signature="end()[pri:0, instance:PROJECT_2.WebTest@3967e60c]" started-at="2024-11-28T12:08:43 IST" name="end" finished-at="2024-11-28T12:08:43 IST" duration-ms="533" status="PASS">
          <reporter-output>
          </reporter-output>
        </test-method> <!-- end -->
      </class> <!-- PROJECT_2.WebTest -->
    </test> <!-- Surefire test -->
  </suite> <!-- Surefire suite -->
</testng-results>
