<?xml version="1.0" encoding="UTF-8"?>
<testng-results ignored="0" total="1" passed="1" failed="0" skipped="0">
  <reporter-output>
  </reporter-output>
  <suite started-at="2024-11-27T11:37:55 IST" name="Default suite" finished-at="2024-11-27T11:38:27 IST" duration-ms="31444">
    <groups>
    </groups>
    <test started-at="2024-11-27T11:37:55 IST" name="Default test" finished-at="2024-11-27T11:38:27 IST" duration-ms="31444">
      <class name="PROJECT_2.WebTest">
        <test-method is-config="true" signature="term1()[pri:0, instance:PROJECT_2.WebTest@53fe15ff]" started-at="2024-11-27T11:37:55 IST" name="term1" finished-at="2024-11-27T11:37:55 IST" duration-ms="11" status="PASS">
          <reporter-output>
          </reporter-output>
        </test-method> <!-- term1 -->
        <test-method is-config="true" signature="start()[pri:0, instance:PROJECT_2.WebTest@53fe15ff]" started-at="2024-11-27T11:37:55 IST" name="start" finished-at="2024-11-27T11:37:55 IST" duration-ms="1" status="PASS">
          <reporter-output>
          </reporter-output>
        </test-method> <!-- start -->
        <test-method is-config="true" signature="begin()[pri:0, instance:PROJECT_2.WebTest@53fe15ff]" started-at="2024-11-27T11:37:55 IST" name="begin" finished-at="2024-11-27T11:37:57 IST" duration-ms="1915" status="PASS">
          <reporter-output>
          </reporter-output>
        </test-method> <!-- begin -->
        <test-method signature="DemoTest()[pri:0, instance:PROJECT_2.WebTest@53fe15ff]" started-at="2024-11-27T11:37:57 IST" name="DemoTest" finished-at="2024-11-27T11:38:26 IST" duration-ms="28904" status="PASS">
          <reporter-output>
          </reporter-output>
        </test-method> <!-- DemoTest -->
        <test-method is-config="true" signature="end()[pri:0, instance:PROJECT_2.WebTest@53fe15ff]" started-at="2024-11-27T11:38:26 IST" name="end" finished-at="2024-11-27T11:38:27 IST" duration-ms="581" status="PASS">
          <reporter-output>
          </reporter-output>
        </test-method> <!-- end -->
      </class> <!-- PROJECT_2.WebTest -->
    </test> <!-- Default test -->
  </suite> <!-- Default suite -->
</testng-results>
